<?xml version="1.0" encoding="UTF-8"?>
<testsuite xmlns:xsi="http://www.w3.org/2001/XMLSchema-instance" xsi:noNamespaceSchemaLocation="https://maven.apache.org/surefire/maven-surefire-plugin/xsd/surefire-test-report-3.0.xsd" version="3.0" name="com.udemy.dropbookmarks.resources.HelloResourceTest" time="3.501" tests="1" errors="0" skipped="0" failures="0">
  <properties>
    <property name="sun.desktop" value="gnome"/>
    <property name="awt.toolkit" value="sun.awt.X11.XToolkit"/>
    <property name="java.specification.version" value="11"/>
    <property name="sun.cpu.isalist" value=""/>
    <property name="sun.jnu.encoding" value="UTF-8"/>
    <property name="java.class.path" value="/home/tom/Projects/Dropwizard-Course/DropBookmarks/target/test-classes:/home/tom/Projects/Dropwizard-Course/DropBookmarks/target/classes:/home/tom/.m2/repository/io/dropwizard/dropwizard-core/4.0.0/dropwizard-core-4.0.0.jar:/home/tom/.m2/repository/io/dropwizard/dropwizard-util/4.0.0/dropwizard-util-4.0.0.jar:/home/tom/.m2/repository/io/dropwizard/dropwizard-jackson/4.0.0/dropwizard-jackson-4.0.0.jar:/home/tom/.m2/repository/com/google/guava/guava/31.1-jre/guava-31.1-jre.jar:/home/tom/.m2/repository/com/google/guava/failureaccess/1.0.1/failureaccess-1.0.1.jar:/home/tom/.m2/repository/com/google/guava/listenablefuture/9999.0-empty-to-avoid-conflict-with-guava/listenablefuture-9999.0-empty-to-avoid-conflict-with-guava.jar:/home/tom/.m2/repository/com/google/j2objc/j2objc-annotations/1.3/j2objc-annotations-1.3.jar:/home/tom/.m2/repository/com/fasterxml/jackson/core/jackson-core/2.14.2/jackson-core-2.14.2.jar:/home/tom/.m2/repository/com/fasterxml/jackson/datatype/jackson-datatype-jsr310/2.14.2/jackson-datatype-jsr310-2.14.2.jar:/home/tom/.m2/repository/com/fasterxml/jackson/datatype/jackson-datatype-jdk8/2.14.2/jackson-datatype-jdk8-2.14.2.jar:/home/tom/.m2/repository/com/fasterxml/jackson/module/jackson-module-parameter-names/2.14.2/jackson-module-parameter-names-2.14.2.jar:/home/tom/.m2/repository/com/fasterxml/jackson/module/jackson-module-blackbird/2.14.2/jackson-module-blackbird-2.14.2.jar:/home/tom/.m2/repository/io/dropwizard/dropwizard-validation/4.0.0/dropwizard-validation-4.0.0.jar:/home/tom/.m2/repository/org/glassfish/jakarta.el/4.0.2/jakarta.el-4.0.2.jar:/home/tom/.m2/repository/jakarta/el/jakarta.el-api/4.0.0/jakarta.el-api-4.0.0.jar:/home/tom/.m2/repository/io/dropwizard/dropwizard-configuration/4.0.0/dropwizard-configuration-4.0.0.jar:/home/tom/.m2/repository/com/fasterxml/jackson/dataformat/jackson-dataformat-yaml/2.14.2/jackson-dataformat-yaml-2.14.2.jar:/home/tom/.m2/repository/org/yaml/snakeyaml/1.33/snakeyaml-1.33.jar:/home/tom/.m2/repository/org/apache/commons/commons-text/1.10.0/commons-text-1.10.0.jar:/home/tom/.m2/repository/org/apache/commons/commons-lang3/3.12.0/commons-lang3-3.12.0.jar:/home/tom/.m2/repository/io/dropwizard/dropwizard-logging/4.0.0/dropwizard-logging-4.0.0.jar:/home/tom/.m2/repository/io/dropwizard/metrics/metrics-logback/4.2.18/metrics-logback-4.2.18.jar:/home/tom/.m2/repository/org/slf4j/jul-to-slf4j/2.0.7/jul-to-slf4j-2.0.7.jar:/home/tom/.m2/repository/ch/qos/logback/logback-core/1.4.6/logback-core-1.4.6.jar:/home/tom/.m2/repository/com/google/errorprone/error_prone_annotations/2.18.0/error_prone_annotations-2.18.0.jar:/home/tom/.m2/repository/io/dropwizard/logback/logback-throttling-appender/1.1.9/logback-throttling-appender-1.1.9.jar:/home/tom/.m2/repository/org/slf4j/log4j-over-slf4j/2.0.7/log4j-over-slf4j-2.0.7.jar:/home/tom/.m2/repository/org/slf4j/jcl-over-slf4j/2.0.7/jcl-over-slf4j-2.0.7.jar:/home/tom/.m2/repository/io/dropwizard/dropwizard-metrics/4.0.0/dropwizard-metrics-4.0.0.jar:/home/tom/.m2/repository/io/dropwizard/dropwizard-jersey/4.0.0/dropwizard-jersey-4.0.0.jar:/home/tom/.m2/repository/org/glassfish/jersey/ext/jersey-metainf-services/3.0.9/jersey-metainf-services-3.0.9.jar:/home/tom/.m2/repository/org/glassfish/jersey/inject/jersey-hk2/3.0.9/jersey-hk2-3.0.9.jar:/home/tom/.m2/repository/org/glassfish/hk2/hk2-locator/3.0.3/hk2-locator-3.0.3.jar:/home/tom/.m2/repository/org/javassist/javassist/3.29.2-GA/javassist-3.29.2-GA.jar:/home/tom/.m2/repository/io/dropwizard/metrics/metrics-jersey3/4.2.18/metrics-jersey3-4.2.18.jar:/home/tom/.m2/repository/org/glassfish/hk2/hk2-api/3.0.3/hk2-api-3.0.3.jar:/home/tom/.m2/repository/org/glassfish/hk2/hk2-utils/3.0.3/hk2-utils-3.0.3.jar:/home/tom/.m2/repository/org/glassfish/hk2/external/aopalliance-repackaged/3.0.3/aopalliance-repackaged-3.0.3.jar:/home/tom/.m2/repository/org/glassfish/jersey/containers/jersey-container-servlet/3.0.9/jersey-container-servlet-3.0.9.jar:/home/tom/.m2/repository/io/dropwizard/dropwizard-servlets/4.0.0/dropwizard-servlets-4.0.0.jar:/home/tom/.m2/repository/io/dropwizard/dropwizard-jetty/4.0.0/dropwizard-jetty-4.0.0.jar:/home/tom/.m2/repository/org/eclipse/jetty/jetty-servlets/11.0.14/jetty-servlets-11.0.14.jar:/home/tom/.m2/repository/org/eclipse/jetty/jetty-http/11.0.14/jetty-http-11.0.14.jar:/home/tom/.m2/repository/io/dropwizard/dropwizard-lifecycle/4.0.0/dropwizard-lifecycle-4.0.0.jar:/home/tom/.m2/repository/io/dropwizard/dropwizard-health/4.0.0/dropwizard-health-4.0.0.jar:/home/tom/.m2/repository/io/dropwizard/metrics/metrics-core/4.2.18/metrics-core-4.2.18.jar:/home/tom/.m2/repository/io/dropwizard/metrics/metrics-annotation/4.2.18/metrics-annotation-4.2.18.jar:/home/tom/.m2/repository/io/dropwizard/metrics/metrics-jetty11/4.2.18/metrics-jetty11-4.2.18.jar:/home/tom/.m2/repository/io/dropwizard/metrics/metrics-jvm/4.2.18/metrics-jvm-4.2.18.jar:/home/tom/.m2/repository/io/dropwizard/metrics/metrics-jmx/4.2.18/metrics-jmx-4.2.18.jar:/home/tom/.m2/repository/io/dropwizard/metrics/metrics-jakarta-servlets/4.2.18/metrics-jakarta-servlets-4.2.18.jar:/home/tom/.m2/repository/io/dropwizard/metrics/metrics-json/4.2.18/metrics-json-4.2.18.jar:/home/tom/.m2/repository/com/helger/profiler/1.1.1/profiler-1.1.1.jar:/home/tom/.m2/repository/io/dropwizard/metrics/metrics-healthchecks/4.2.18/metrics-healthchecks-4.2.18.jar:/home/tom/.m2/repository/io/dropwizard/dropwizard-request-logging/4.0.0/dropwizard-request-logging-4.0.0.jar:/home/tom/.m2/repository/ch/qos/logback/logback-access/1.4.6/logback-access-1.4.6.jar:/home/tom/.m2/repository/ch/qos/logback/logback-classic/1.4.6/logback-classic-1.4.6.jar:/home/tom/.m2/repository/com/fasterxml/jackson/core/jackson-databind/2.14.2/jackson-databind-2.14.2.jar:/home/tom/.m2/repository/org/checkerframework/checker-qual/3.32.0/checker-qual-3.32.0.jar:/home/tom/.m2/repository/jakarta/servlet/jakarta.servlet-api/5.0.0/jakarta.servlet-api-5.0.0.jar:/home/tom/.m2/repository/jakarta/ws/rs/jakarta.ws.rs-api/3.0.0/jakarta.ws.rs-api-3.0.0.jar:/home/tom/.m2/repository/net/sourceforge/argparse4j/argparse4j/0.9.0/argparse4j-0.9.0.jar:/home/tom/.m2/repository/org/eclipse/jetty/jetty-security/11.0.14/jetty-security-11.0.14.jar:/home/tom/.m2/repository/org/eclipse/jetty/jetty-server/11.0.14/jetty-server-11.0.14.jar:/home/tom/.m2/repository/org/eclipse/jetty/jetty-servlet/11.0.14/jetty-servlet-11.0.14.jar:/home/tom/.m2/repository/org/eclipse/jetty/jetty-util/11.0.14/jetty-util-11.0.14.jar:/home/tom/.m2/repository/org/eclipse/jetty/toolchain/setuid/jetty-setuid-java/1.0.4/jetty-setuid-java-1.0.4.jar:/home/tom/.m2/repository/jakarta/inject/jakarta.inject-api/2.0.1.MR/jakarta.inject-api-2.0.1.MR.jar:/home/tom/.m2/repository/org/glassfish/jersey/core/jersey-common/3.0.9/jersey-common-3.0.9.jar:/home/tom/.m2/repository/org/glassfish/hk2/osgi-resource-locator/1.0.3/osgi-resource-locator-1.0.3.jar:/home/tom/.m2/repository/org/glassfish/jersey/ext/jersey-bean-validation/3.0.9/jersey-bean-validation-3.0.9.jar:/home/tom/.m2/repository/org/slf4j/slf4j-api/2.0.7/slf4j-api-2.0.7.jar:/home/tom/.m2/repository/com/fasterxml/jackson/core/jackson-annotations/2.14.2/jackson-annotations-2.14.2.jar:/home/tom/.m2/repository/jakarta/validation/jakarta.validation-api/3.0.2/jakarta.validation-api-3.0.2.jar:/home/tom/.m2/repository/org/hibernate/validator/hibernate-validator/7.0.5.Final/hibernate-validator-7.0.5.Final.jar:/home/tom/.m2/repository/org/jboss/logging/jboss-logging/3.5.0.Final/jboss-logging-3.5.0.Final.jar:/home/tom/.m2/repository/com/fasterxml/classmate/1.5.1/classmate-1.5.1.jar:/home/tom/.m2/repository/io/dropwizard/dropwizard-testing/4.0.0/dropwizard-testing-4.0.0.jar:/home/tom/.m2/repository/com/fasterxml/jackson/datatype/jackson-datatype-guava/2.14.2/jackson-datatype-guava-2.14.2.jar:/home/tom/.m2/repository/com/fasterxml/jackson/jakarta/rs/jackson-jakarta-rs-json-provider/2.14.2/jackson-jakarta-rs-json-provider-2.14.2.jar:/home/tom/.m2/repository/com/fasterxml/jackson/jakarta/rs/jackson-jakarta-rs-base/2.14.2/jackson-jakarta-rs-base-2.14.2.jar:/home/tom/.m2/repository/com/fasterxml/jackson/module/jackson-module-jakarta-xmlbind-annotations/2.14.2/jackson-module-jakarta-xmlbind-annotations-2.14.2.jar:/home/tom/.m2/repository/org/eclipse/jetty/jetty-io/11.0.14/jetty-io-11.0.14.jar:/home/tom/.m2/repository/org/glassfish/jersey/containers/jersey-container-servlet-core/3.0.9/jersey-container-servlet-core-3.0.9.jar:/home/tom/.m2/repository/org/glassfish/jersey/connectors/jersey-apache5-connector/3.0.9/jersey-apache5-connector-3.0.9.jar:/home/tom/.m2/repository/org/apache/httpcomponents/client5/httpclient5/5.2.1/httpclient5-5.2.1.jar:/home/tom/.m2/repository/org/apache/httpcomponents/core5/httpcore5/5.2.1/httpcore5-5.2.1.jar:/home/tom/.m2/repository/org/apache/httpcomponents/core5/httpcore5-h2/5.2/httpcore5-h2-5.2.jar:/home/tom/.m2/repository/org/glassfish/jersey/core/jersey-client/3.0.9/jersey-client-3.0.9.jar:/home/tom/.m2/repository/org/glassfish/jersey/core/jersey-server/3.0.9/jersey-server-3.0.9.jar:/home/tom/.m2/repository/org/glassfish/jersey/test-framework/providers/jersey-test-framework-provider-inmemory/3.0.9/jersey-test-framework-provider-inmemory-3.0.9.jar:/home/tom/.m2/repository/jakarta/activation/jakarta.activation-api/2.0.1/jakarta.activation-api-2.0.1.jar:/home/tom/.m2/repository/jakarta/xml/bind/jakarta.xml.bind-api/3.0.1/jakarta.xml.bind-api-3.0.1.jar:/home/tom/.m2/repository/com/sun/activation/jakarta.activation/2.0.1/jakarta.activation-2.0.1.jar:/home/tom/.m2/repository/org/glassfish/jersey/test-framework/jersey-test-framework-core/3.1.1/jersey-test-framework-core-3.1.1.jar:/home/tom/.m2/repository/org/glassfish/jersey/media/jersey-media-jaxb/3.0.9/jersey-media-jaxb-3.0.9.jar:/home/tom/.m2/repository/org/junit/jupiter/junit-jupiter/5.9.2/junit-jupiter-5.9.2.jar:/home/tom/.m2/repository/org/junit/jupiter/junit-jupiter-api/5.9.2/junit-jupiter-api-5.9.2.jar:/home/tom/.m2/repository/org/opentest4j/opentest4j/1.2.0/opentest4j-1.2.0.jar:/home/tom/.m2/repository/org/junit/platform/junit-platform-commons/1.9.2/junit-platform-commons-1.9.2.jar:/home/tom/.m2/repository/org/apiguardian/apiguardian-api/1.1.2/apiguardian-api-1.1.2.jar:/home/tom/.m2/repository/org/junit/jupiter/junit-jupiter-params/5.9.2/junit-jupiter-params-5.9.2.jar:/home/tom/.m2/repository/org/junit/jupiter/junit-jupiter-engine/5.9.2/junit-jupiter-engine-5.9.2.jar:/home/tom/.m2/repository/org/junit/platform/junit-platform-engine/1.9.2/junit-platform-engine-1.9.2.jar:/home/tom/.m2/repository/org/hamcrest/hamcrest/2.2/hamcrest-2.2.jar:/home/tom/.m2/repository/org/glassfish/jersey/test-framework/providers/jersey-test-framework-provider-grizzly2/3.1.1/jersey-test-framework-provider-grizzly2-3.1.1.jar:/home/tom/.m2/repository/org/glassfish/jersey/containers/jersey-container-grizzly2-http/3.0.9/jersey-container-grizzly2-http-3.0.9.jar:/home/tom/.m2/repository/org/glassfish/grizzly/grizzly-http-server/3.0.1/grizzly-http-server-3.0.1.jar:/home/tom/.m2/repository/org/glassfish/grizzly/grizzly-http/3.0.1/grizzly-http-3.0.1.jar:/home/tom/.m2/repository/org/glassfish/grizzly/grizzly-framework/3.0.1/grizzly-framework-3.0.1.jar:/home/tom/.m2/repository/org/glassfish/jersey/containers/jersey-container-grizzly2-servlet/3.0.9/jersey-container-grizzly2-servlet-3.0.9.jar:/home/tom/.m2/repository/org/glassfish/grizzly/grizzly-http-servlet/3.0.1/grizzly-http-servlet-3.0.1.jar:/home/tom/.m2/repository/org/assertj/assertj-core/3.24.2/assertj-core-3.24.2.jar:/home/tom/.m2/repository/net/bytebuddy/byte-buddy/1.14.3/byte-buddy-1.14.3.jar:/home/tom/.m2/repository/io/dropwizard/dropwizard-auth/4.0.0/dropwizard-auth-4.0.0.jar:/home/tom/.m2/repository/io/dropwizard/metrics/metrics-caffeine/4.2.18/metrics-caffeine-4.2.18.jar:/home/tom/.m2/repository/com/github/ben-manes/caffeine/caffeine/3.1.5/caffeine-3.1.5.jar:/home/tom/.m2/repository/jakarta/annotation/jakarta.annotation-api/2.0.0/jakarta.annotation-api-2.0.0.jar:/home/tom/.m2/repository/com/mysql/mysql-connector-j/8.0.33/mysql-connector-j-8.0.33.jar:/home/tom/.m2/repository/com/google/protobuf/protobuf-java/3.21.9/protobuf-java-3.21.9.jar:/home/tom/.m2/repository/io/dropwizard/dropwizard-hibernate/4.0.0/dropwizard-hibernate-4.0.0.jar:/home/tom/.m2/repository/io/dropwizard/dropwizard-db/4.0.0/dropwizard-db-4.0.0.jar:/home/tom/.m2/repository/com/fasterxml/jackson/datatype/jackson-datatype-hibernate5-jakarta/2.14.2/jackson-datatype-hibernate5-jakarta-2.14.2.jar:/home/tom/.m2/repository/jakarta/transaction/jakarta.transaction-api/2.0.0/jakarta.transaction-api-2.0.0.jar:/home/tom/.m2/repository/jakarta/persistence/jakarta.persistence-api/3.0.0/jakarta.persistence-api-3.0.0.jar:/home/tom/.m2/repository/org/apache/tomcat/tomcat-jdbc/10.1.7/tomcat-jdbc-10.1.7.jar:/home/tom/.m2/repository/org/apache/tomcat/tomcat-juli/10.1.7/tomcat-juli-10.1.7.jar:/home/tom/.m2/repository/org/hibernate/orm/hibernate-core/6.1.7.Final/hibernate-core-6.1.7.Final.jar:/home/tom/.m2/repository/org/hibernate/common/hibernate-commons-annotations/6.0.6.Final/hibernate-commons-annotations-6.0.6.Final.jar:/home/tom/.m2/repository/org/jboss/jandex/2.4.2.Final/jandex-2.4.2.Final.jar:/home/tom/.m2/repository/org/glassfish/jaxb/jaxb-runtime/3.0.2/jaxb-runtime-3.0.2.jar:/home/tom/.m2/repository/org/glassfish/jaxb/jaxb-core/3.0.2/jaxb-core-3.0.2.jar:/home/tom/.m2/repository/org/glassfish/jaxb/txw2/3.0.2/txw2-3.0.2.jar:/home/tom/.m2/repository/com/sun/istack/istack-commons-runtime/4.0.1/istack-commons-runtime-4.0.1.jar:/home/tom/.m2/repository/org/antlr/antlr4-runtime/4.10.1/antlr4-runtime-4.10.1.jar:/home/tom/.m2/repository/io/dropwizard/dropwizard-migrations/4.0.0/dropwizard-migrations-4.0.0.jar:/home/tom/.m2/repository/org/liquibase/liquibase-core/4.19.0/liquibase-core-4.19.0.jar:/home/tom/.m2/repository/com/opencsv/opencsv/5.7.1/opencsv-5.7.1.jar:/home/tom/.m2/repository/org/apache/commons/commons-collections4/4.4/commons-collections4-4.4.jar:/home/tom/.m2/repository/com/mattbertolini/liquibase-slf4j/5.0.0/liquibase-slf4j-5.0.0.jar:"/>
    <property name="java.vm.vendor" value="GraalVM Community"/>
    <property name="sun.arch.data.model" value="64"/>
    <property name="java.vendor.url" value="https://www.graalvm.org/"/>
    <property name="user.timezone" value="Europe/London"/>
    <property name="java.vm.specification.version" value="11"/>
    <property name="os.name" value="Linux"/>
    <property name="sun.java.launcher" value="SUN_STANDARD"/>
    <property name="user.country" value="GB"/>
    <property name="sun.boot.library.path" value="/usr/lib/jvm/graalvm-ce-java11-21.0.0.2/lib"/>
    <property name="sun.java.command" value="/home/tom/Projects/Dropwizard-Course/DropBookmarks/target/surefire/surefirebooter-20230510143813517_3.jar /home/tom/Projects/Dropwizard-Course/DropBookmarks/target/surefire 2023-05-10T14-38-13_393-jvmRun1 surefire-20230510143813517_1tmp surefire_0-20230510143813517_2tmp"/>
    <property name="jdk.debug" value="release"/>
    <property name="surefire.test.class.path" value="/home/tom/Projects/Dropwizard-Course/DropBookmarks/target/test-classes:/home/tom/Projects/Dropwizard-Course/DropBookmarks/target/classes:/home/tom/.m2/repository/io/dropwizard/dropwizard-core/4.0.0/dropwizard-core-4.0.0.jar:/home/tom/.m2/repository/io/dropwizard/dropwizard-util/4.0.0/dropwizard-util-4.0.0.jar:/home/tom/.m2/repository/io/dropwizard/dropwizard-jackson/4.0.0/dropwizard-jackson-4.0.0.jar:/home/tom/.m2/repository/com/google/guava/guava/31.1-jre/guava-31.1-jre.jar:/home/tom/.m2/repository/com/google/guava/failureaccess/1.0.1/failureaccess-1.0.1.jar:/home/tom/.m2/repository/com/google/guava/listenablefuture/9999.0-empty-to-avoid-conflict-with-guava/listenablefuture-9999.0-empty-to-avoid-conflict-with-guava.jar:/home/tom/.m2/repository/com/google/j2objc/j2objc-annotations/1.3/j2objc-annotations-1.3.jar:/home/tom/.m2/repository/com/fasterxml/jackson/core/jackson-core/2.14.2/jackson-core-2.14.2.jar:/home/tom/.m2/repository/com/fasterxml/jackson/datatype/jackson-datatype-jsr310/2.14.2/jackson-datatype-jsr310-2.14.2.jar:/home/tom/.m2/repository/com/fasterxml/jackson/datatype/jackson-datatype-jdk8/2.14.2/jackson-datatype-jdk8-2.14.2.jar:/home/tom/.m2/repository/com/fasterxml/jackson/module/jackson-module-parameter-names/2.14.2/jackson-module-parameter-names-2.14.2.jar:/home/tom/.m2/repository/com/fasterxml/jackson/module/jackson-module-blackbird/2.14.2/jackson-module-blackbird-2.14.2.jar:/home/tom/.m2/repository/io/dropwizard/dropwizard-validation/4.0.0/dropwizard-validation-4.0.0.jar:/home/tom/.m2/repository/org/glassfish/jakarta.el/4.0.2/jakarta.el-4.0.2.jar:/home/tom/.m2/repository/jakarta/el/jakarta.el-api/4.0.0/jakarta.el-api-4.0.0.jar:/home/tom/.m2/repository/io/dropwizard/dropwizard-configuration/4.0.0/dropwizard-configuration-4.0.0.jar:/home/tom/.m2/repository/com/fasterxml/jackson/dataformat/jackson-dataformat-yaml/2.14.2/jackson-dataformat-yaml-2.14.2.jar:/home/tom/.m2/repository/org/yaml/snakeyaml/1.33/snakeyaml-1.33.jar:/home/tom/.m2/repository/org/apache/commons/commons-text/1.10.0/commons-text-1.10.0.jar:/home/tom/.m2/repository/org/apache/commons/commons-lang3/3.12.0/commons-lang3-3.12.0.jar:/home/tom/.m2/repository/io/dropwizard/dropwizard-logging/4.0.0/dropwizard-logging-4.0.0.jar:/home/tom/.m2/repository/io/dropwizard/metrics/metrics-logback/4.2.18/metrics-logback-4.2.18.jar:/home/tom/.m2/repository/org/slf4j/jul-to-slf4j/2.0.7/jul-to-slf4j-2.0.7.jar:/home/tom/.m2/repository/ch/qos/logback/logback-core/1.4.6/logback-core-1.4.6.jar:/home/tom/.m2/repository/com/google/errorprone/error_prone_annotations/2.18.0/error_prone_annotations-2.18.0.jar:/home/tom/.m2/repository/io/dropwizard/logback/logback-throttling-appender/1.1.9/logback-throttling-appender-1.1.9.jar:/home/tom/.m2/repository/org/slf4j/log4j-over-slf4j/2.0.7/log4j-over-slf4j-2.0.7.jar:/home/tom/.m2/repository/org/slf4j/jcl-over-slf4j/2.0.7/jcl-over-slf4j-2.0.7.jar:/home/tom/.m2/repository/io/dropwizard/dropwizard-metrics/4.0.0/dropwizard-metrics-4.0.0.jar:/home/tom/.m2/repository/io/dropwizard/dropwizard-jersey/4.0.0/dropwizard-jersey-4.0.0.jar:/home/tom/.m2/repository/org/glassfish/jersey/ext/jersey-metainf-services/3.0.9/jersey-metainf-services-3.0.9.jar:/home/tom/.m2/repository/org/glassfish/jersey/inject/jersey-hk2/3.0.9/jersey-hk2-3.0.9.jar:/home/tom/.m2/repository/org/glassfish/hk2/hk2-locator/3.0.3/hk2-locator-3.0.3.jar:/home/tom/.m2/repository/org/javassist/javassist/3.29.2-GA/javassist-3.29.2-GA.jar:/home/tom/.m2/repository/io/dropwizard/metrics/metrics-jersey3/4.2.18/metrics-jersey3-4.2.18.jar:/home/tom/.m2/repository/org/glassfish/hk2/hk2-api/3.0.3/hk2-api-3.0.3.jar:/home/tom/.m2/repository/org/glassfish/hk2/hk2-utils/3.0.3/hk2-utils-3.0.3.jar:/home/tom/.m2/repository/org/glassfish/hk2/external/aopalliance-repackaged/3.0.3/aopalliance-repackaged-3.0.3.jar:/home/tom/.m2/repository/org/glassfish/jersey/containers/jersey-container-servlet/3.0.9/jersey-container-servlet-3.0.9.jar:/home/tom/.m2/repository/io/dropwizard/dropwizard-servlets/4.0.0/dropwizard-servlets-4.0.0.jar:/home/tom/.m2/repository/io/dropwizard/dropwizard-jetty/4.0.0/dropwizard-jetty-4.0.0.jar:/home/tom/.m2/repository/org/eclipse/jetty/jetty-servlets/11.0.14/jetty-servlets-11.0.14.jar:/home/tom/.m2/repository/org/eclipse/jetty/jetty-http/11.0.14/jetty-http-11.0.14.jar:/home/tom/.m2/repository/io/dropwizard/dropwizard-lifecycle/4.0.0/dropwizard-lifecycle-4.0.0.jar:/home/tom/.m2/repository/io/dropwizard/dropwizard-health/4.0.0/dropwizard-health-4.0.0.jar:/home/tom/.m2/repository/io/dropwizard/metrics/metrics-core/4.2.18/metrics-core-4.2.18.jar:/home/tom/.m2/repository/io/dropwizard/metrics/metrics-annotation/4.2.18/metrics-annotation-4.2.18.jar:/home/tom/.m2/repository/io/dropwizard/metrics/metrics-jetty11/4.2.18/metrics-jetty11-4.2.18.jar:/home/tom/.m2/repository/io/dropwizard/metrics/metrics-jvm/4.2.18/metrics-jvm-4.2.18.jar:/home/tom/.m2/repository/io/dropwizard/metrics/metrics-jmx/4.2.18/metrics-jmx-4.2.18.jar:/home/tom/.m2/repository/io/dropwizard/metrics/metrics-jakarta-servlets/4.2.18/metrics-jakarta-servlets-4.2.18.jar:/home/tom/.m2/repository/io/dropwizard/metrics/metrics-json/4.2.18/metrics-json-4.2.18.jar:/home/tom/.m2/repository/com/helger/profiler/1.1.1/profiler-1.1.1.jar:/home/tom/.m2/repository/io/dropwizard/metrics/metrics-healthchecks/4.2.18/metrics-healthchecks-4.2.18.jar:/home/tom/.m2/repository/io/dropwizard/dropwizard-request-logging/4.0.0/dropwizard-request-logging-4.0.0.jar:/home/tom/.m2/repository/ch/qos/logback/logback-access/1.4.6/logback-access-1.4.6.jar:/home/tom/.m2/repository/ch/qos/logback/logback-classic/1.4.6/logback-classic-1.4.6.jar:/home/tom/.m2/repository/com/fasterxml/jackson/core/jackson-databind/2.14.2/jackson-databind-2.14.2.jar:/home/tom/.m2/repository/org/checkerframework/checker-qual/3.32.0/checker-qual-3.32.0.jar:/home/tom/.m2/repository/jakarta/servlet/jakarta.servlet-api/5.0.0/jakarta.servlet-api-5.0.0.jar:/home/tom/.m2/repository/jakarta/ws/rs/jakarta.ws.rs-api/3.0.0/jakarta.ws.rs-api-3.0.0.jar:/home/tom/.m2/repository/net/sourceforge/argparse4j/argparse4j/0.9.0/argparse4j-0.9.0.jar:/home/tom/.m2/repository/org/eclipse/jetty/jetty-security/11.0.14/jetty-security-11.0.14.jar:/home/tom/.m2/repository/org/eclipse/jetty/jetty-server/11.0.14/jetty-server-11.0.14.jar:/home/tom/.m2/repository/org/eclipse/jetty/jetty-servlet/11.0.14/jetty-servlet-11.0.14.jar:/home/tom/.m2/repository/org/eclipse/jetty/jetty-util/11.0.14/jetty-util-11.0.14.jar:/home/tom/.m2/repository/org/eclipse/jetty/toolchain/setuid/jetty-setuid-java/1.0.4/jetty-setuid-java-1.0.4.jar:/home/tom/.m2/repository/jakarta/inject/jakarta.inject-api/2.0.1.MR/jakarta.inject-api-2.0.1.MR.jar:/home/tom/.m2/repository/org/glassfish/jersey/core/jersey-common/3.0.9/jersey-common-3.0.9.jar:/home/tom/.m2/repository/org/glassfish/hk2/osgi-resource-locator/1.0.3/osgi-resource-locator-1.0.3.jar:/home/tom/.m2/repository/org/glassfish/jersey/ext/jersey-bean-validation/3.0.9/jersey-bean-validation-3.0.9.jar:/home/tom/.m2/repository/org/slf4j/slf4j-api/2.0.7/slf4j-api-2.0.7.jar:/home/tom/.m2/repository/com/fasterxml/jackson/core/jackson-annotations/2.14.2/jackson-annotations-2.14.2.jar:/home/tom/.m2/repository/jakarta/validation/jakarta.validation-api/3.0.2/jakarta.validation-api-3.0.2.jar:/home/tom/.m2/repository/org/hibernate/validator/hibernate-validator/7.0.5.Final/hibernate-validator-7.0.5.Final.jar:/home/tom/.m2/repository/org/jboss/logging/jboss-logging/3.5.0.Final/jboss-logging-3.5.0.Final.jar:/home/tom/.m2/repository/com/fasterxml/classmate/1.5.1/classmate-1.5.1.jar:/home/tom/.m2/repository/io/dropwizard/dropwizard-testing/4.0.0/dropwizard-testing-4.0.0.jar:/home/tom/.m2/repository/com/fasterxml/jackson/datatype/jackson-datatype-guava/2.14.2/jackson-datatype-guava-2.14.2.jar:/home/tom/.m2/repository/com/fasterxml/jackson/jakarta/rs/jackson-jakarta-rs-json-provider/2.14.2/jackson-jakarta-rs-json-provider-2.14.2.jar:/home/tom/.m2/repository/com/fasterxml/jackson/jakarta/rs/jackson-jakarta-rs-base/2.14.2/jackson-jakarta-rs-base-2.14.2.jar:/home/tom/.m2/repository/com/fasterxml/jackson/module/jackson-module-jakarta-xmlbind-annotations/2.14.2/jackson-module-jakarta-xmlbind-annotations-2.14.2.jar:/home/tom/.m2/repository/org/eclipse/jetty/jetty-io/11.0.14/jetty-io-11.0.14.jar:/home/tom/.m2/repository/org/glassfish/jersey/containers/jersey-container-servlet-core/3.0.9/jersey-container-servlet-core-3.0.9.jar:/home/tom/.m2/repository/org/glassfish/jersey/connectors/jersey-apache5-connector/3.0.9/jersey-apache5-connector-3.0.9.jar:/home/tom/.m2/repository/org/apache/httpcomponents/client5/httpclient5/5.2.1/httpclient5-5.2.1.jar:/home/tom/.m2/repository/org/apache/httpcomponents/core5/httpcore5/5.2.1/httpcore5-5.2.1.jar:/home/tom/.m2/repository/org/apache/httpcomponents/core5/httpcore5-h2/5.2/httpcore5-h2-5.2.jar:/home/tom/.m2/repository/org/glassfish/jersey/core/jersey-client/3.0.9/jersey-client-3.0.9.jar:/home/tom/.m2/repository/org/glassfish/jersey/core/jersey-server/3.0.9/jersey-server-3.0.9.jar:/home/tom/.m2/repository/org/glassfish/jersey/test-framework/providers/jersey-test-framework-provider-inmemory/3.0.9/jersey-test-framework-provider-inmemory-3.0.9.jar:/home/tom/.m2/repository/jakarta/activation/jakarta.activation-api/2.0.1/jakarta.activation-api-2.0.1.jar:/home/tom/.m2/repository/jakarta/xml/bind/jakarta.xml.bind-api/3.0.1/jakarta.xml.bind-api-3.0.1.jar:/home/tom/.m2/repository/com/sun/activation/jakarta.activation/2.0.1/jakarta.activation-2.0.1.jar:/home/tom/.m2/repository/org/glassfish/jersey/test-framework/jersey-test-framework-core/3.1.1/jersey-test-framework-core-3.1.1.jar:/home/tom/.m2/repository/org/glassfish/jersey/media/jersey-media-jaxb/3.0.9/jersey-media-jaxb-3.0.9.jar:/home/tom/.m2/repository/org/junit/jupiter/junit-jupiter/5.9.2/junit-jupiter-5.9.2.jar:/home/tom/.m2/repository/org/junit/jupiter/junit-jupiter-api/5.9.2/junit-jupiter-api-5.9.2.jar:/home/tom/.m2/repository/org/opentest4j/opentest4j/1.2.0/opentest4j-1.2.0.jar:/home/tom/.m2/repository/org/junit/platform/junit-platform-commons/1.9.2/junit-platform-commons-1.9.2.jar:/home/tom/.m2/repository/org/apiguardian/apiguardian-api/1.1.2/apiguardian-api-1.1.2.jar:/home/tom/.m2/repository/org/junit/jupiter/junit-jupiter-params/5.9.2/junit-jupiter-params-5.9.2.jar:/home/tom/.m2/repository/org/junit/jupiter/junit-jupiter-engine/5.9.2/junit-jupiter-engine-5.9.2.jar:/home/tom/.m2/repository/org/junit/platform/junit-platform-engine/1.9.2/junit-platform-engine-1.9.2.jar:/home/tom/.m2/repository/org/hamcrest/hamcrest/2.2/hamcrest-2.2.jar:/home/tom/.m2/repository/org/glassfish/jersey/test-framework/providers/jersey-test-framework-provider-grizzly2/3.1.1/jersey-test-framework-provider-grizzly2-3.1.1.jar:/home/tom/.m2/repository/org/glassfish/jersey/containers/jersey-container-grizzly2-http/3.0.9/jersey-container-grizzly2-http-3.0.9.jar:/home/tom/.m2/repository/org/glassfish/grizzly/grizzly-http-server/3.0.1/grizzly-http-server-3.0.1.jar:/home/tom/.m2/repository/org/glassfish/grizzly/grizzly-http/3.0.1/grizzly-http-3.0.1.jar:/home/tom/.m2/repository/org/glassfish/grizzly/grizzly-framework/3.0.1/grizzly-framework-3.0.1.jar:/home/tom/.m2/repository/org/glassfish/jersey/containers/jersey-container-grizzly2-servlet/3.0.9/jersey-container-grizzly2-servlet-3.0.9.jar:/home/tom/.m2/repository/org/glassfish/grizzly/grizzly-http-servlet/3.0.1/grizzly-http-servlet-3.0.1.jar:/home/tom/.m2/repository/org/assertj/assertj-core/3.24.2/assertj-core-3.24.2.jar:/home/tom/.m2/repository/net/bytebuddy/byte-buddy/1.14.3/byte-buddy-1.14.3.jar:/home/tom/.m2/repository/io/dropwizard/dropwizard-auth/4.0.0/dropwizard-auth-4.0.0.jar:/home/tom/.m2/repository/io/dropwizard/metrics/metrics-caffeine/4.2.18/metrics-caffeine-4.2.18.jar:/home/tom/.m2/repository/com/github/ben-manes/caffeine/caffeine/3.1.5/caffeine-3.1.5.jar:/home/tom/.m2/repository/jakarta/annotation/jakarta.annotation-api/2.0.0/jakarta.annotation-api-2.0.0.jar:/home/tom/.m2/repository/com/mysql/mysql-connector-j/8.0.33/mysql-connector-j-8.0.33.jar:/home/tom/.m2/repository/com/google/protobuf/protobuf-java/3.21.9/protobuf-java-3.21.9.jar:/home/tom/.m2/repository/io/dropwizard/dropwizard-hibernate/4.0.0/dropwizard-hibernate-4.0.0.jar:/home/tom/.m2/repository/io/dropwizard/dropwizard-db/4.0.0/dropwizard-db-4.0.0.jar:/home/tom/.m2/repository/com/fasterxml/jackson/datatype/jackson-datatype-hibernate5-jakarta/2.14.2/jackson-datatype-hibernate5-jakarta-2.14.2.jar:/home/tom/.m2/repository/jakarta/transaction/jakarta.transaction-api/2.0.0/jakarta.transaction-api-2.0.0.jar:/home/tom/.m2/repository/jakarta/persistence/jakarta.persistence-api/3.0.0/jakarta.persistence-api-3.0.0.jar:/home/tom/.m2/repository/org/apache/tomcat/tomcat-jdbc/10.1.7/tomcat-jdbc-10.1.7.jar:/home/tom/.m2/repository/org/apache/tomcat/tomcat-juli/10.1.7/tomcat-juli-10.1.7.jar:/home/tom/.m2/repository/org/hibernate/orm/hibernate-core/6.1.7.Final/hibernate-core-6.1.7.Final.jar:/home/tom/.m2/repository/org/hibernate/common/hibernate-commons-annotations/6.0.6.Final/hibernate-commons-annotations-6.0.6.Final.jar:/home/tom/.m2/repository/org/jboss/jandex/2.4.2.Final/jandex-2.4.2.Final.jar:/home/tom/.m2/repository/org/glassfish/jaxb/jaxb-runtime/3.0.2/jaxb-runtime-3.0.2.jar:/home/tom/.m2/repository/org/glassfish/jaxb/jaxb-core/3.0.2/jaxb-core-3.0.2.jar:/home/tom/.m2/repository/org/glassfish/jaxb/txw2/3.0.2/txw2-3.0.2.jar:/home/tom/.m2/repository/com/sun/istack/istack-commons-runtime/4.0.1/istack-commons-runtime-4.0.1.jar:/home/tom/.m2/repository/org/antlr/antlr4-runtime/4.10.1/antlr4-runtime-4.10.1.jar:/home/tom/.m2/repository/io/dropwizard/dropwizard-migrations/4.0.0/dropwizard-migrations-4.0.0.jar:/home/tom/.m2/repository/org/liquibase/liquibase-core/4.19.0/liquibase-core-4.19.0.jar:/home/tom/.m2/repository/com/opencsv/opencsv/5.7.1/opencsv-5.7.1.jar:/home/tom/.m2/repository/org/apache/commons/commons-collections4/4.4/commons-collections4-4.4.jar:/home/tom/.m2/repository/com/mattbertolini/liquibase-slf4j/5.0.0/liquibase-slf4j-5.0.0.jar:"/>
    <property name="sun.cpu.endian" value="little"/>
    <property name="user.home" value="/home/tom"/>
    <property name="user.language" value="en"/>
    <property name="java.specification.vendor" value="Oracle Corporation"/>
    <property name="java.version.date" value="2021-01-19"/>
    <property name="java.home" value="/usr/lib/jvm/graalvm-ce-java11-21.0.0.2"/>
    <property name="file.separator" value="/"/>
    <property name="basedir" value="/home/tom/Projects/Dropwizard-Course/DropBookmarks"/>
    <property name="java.vm.compressedOopsMode" value="Zero based"/>
    <property name="line.separator" value="&#10;"/>
    <property name="jdk.internal.vm.ci.enabled" value="true"/>
    <property name="java.specification.name" value="Java Platform API Specification"/>
    <property name="java.vm.specification.vendor" value="Oracle Corporation"/>
    <property name="java.awt.graphicsenv" value="sun.awt.X11GraphicsEnvironment"/>
    <property name="surefire.real.class.path" value="/home/tom/Projects/Dropwizard-Course/DropBookmarks/target/surefire/surefirebooter-20230510143813517_3.jar"/>
    <property name="sun.management.compiler" value="HotSpot 64-Bit Tiered Compilers"/>
    <property name="java.runtime.version" value="11.0.10+8-jvmci-21.0-b06"/>
    <property name="user.name" value="tom"/>
    <property name="path.separator" value=":"/>
    <property name="os.version" value="5.19.0-41-generic"/>
    <property name="java.runtime.name" value="OpenJDK Runtime Environment"/>
    <property name="file.encoding" value="UTF-8"/>
    <property name="java.vm.name" value="OpenJDK 64-Bit Server VM"/>
    <property name="java.vendor.version" value="GraalVM CE 21.0.0.2"/>
    <property name="localRepository" value="/home/tom/.m2/repository"/>
    <property name="java.vendor.url.bug" value="https://github.com/oracle/graal/issues"/>
    <property name="java.io.tmpdir" value="/tmp"/>
    <property name="java.version" value="11.0.10"/>
    <property name="user.dir" value="/home/tom/Projects/Dropwizard-Course/DropBookmarks"/>
    <property name="os.arch" value="amd64"/>
    <property name="java.vm.specification.name" value="Java Virtual Machine Specification"/>
    <property name="java.awt.printerjob" value="sun.print.PSPrinterJob"/>
    <property name="sun.os.patch.level" value="unknown"/>
    <property name="java.library.path" value="/usr/java/packages/lib:/usr/lib64:/lib64:/lib:/usr/lib"/>
    <property name="java.vm.info" value="mixed mode, sharing"/>
    <property name="java.vendor" value="GraalVM Community"/>
    <property name="java.vm.version" value="11.0.10+8-jvmci-21.0-b06"/>
    <property name="sun.io.unicode.encoding" value="UnicodeLittle"/>
    <property name="java.class.version" value="55.0"/>
  </properties>
  <testcase name="returnsMessage" classname="com.udemy.dropbookmarks.resources.HelloResourceTest" time="1.931">
    <system-out><![CDATA[14:38:14.994 [main] DEBUG org.jboss.logging -- Logging Provider: org.jboss.logging.Slf4jLoggerProvider
14:38:14.999 [main] INFO org.hibernate.validator.internal.util.Version -- HV000001: Hibernate Validator 7.0.5.Final
14:38:15.019 [main] DEBUG org.hibernate.validator.internal.engine.AbstractConfigurationImpl -- Adding value extractor io.dropwizard.validation.valuehandling.GuavaOptionalValueExtractor@6ad3381f
14:38:15.019 [main] DEBUG org.hibernate.validator.internal.engine.AbstractConfigurationImpl -- Setting custom ConstraintValidatorFactory of type io.dropwizard.jersey.validation.MutableValidatorFactory
14:38:15.020 [main] DEBUG org.hibernate.validator.internal.engine.AbstractConfigurationImpl -- Setting custom ParameterNameProvider of type io.dropwizard.jersey.validation.JerseyParameterNameProvider
14:38:15.024 [main] DEBUG org.hibernate.validator.internal.engine.AbstractConfigurationImpl -- Adding value extractor io.dropwizard.jersey.validation.NonEmptyStringParamValueExtractor@1941a8ff
14:38:15.025 [main] DEBUG org.hibernate.validator.internal.engine.AbstractConfigurationImpl -- Adding value extractor io.dropwizard.jersey.validation.ParamValueExtractor@33fe57a9
14:38:15.030 [main] DEBUG org.hibernate.validator.internal.xml.config.ValidationXmlParser -- Trying to load META-INF/validation.xml for XML based Validator configuration.
14:38:15.031 [main] DEBUG org.hibernate.validator.internal.xml.config.ResourceLoaderHelper -- Trying to load META-INF/validation.xml via TCCL
14:38:15.032 [main] DEBUG org.hibernate.validator.internal.xml.config.ResourceLoaderHelper -- Trying to load META-INF/validation.xml via Hibernate Validator's class loader
14:38:15.033 [main] DEBUG org.hibernate.validator.internal.xml.config.ValidationXmlParser -- No META-INF/validation.xml found. Using annotation based configuration only.
14:38:15.039 [main] DEBUG org.hibernate.validator.internal.engine.resolver.TraversableResolvers -- Found jakarta.persistence.Persistence on classpath containing 'getPersistenceUtil'. Assuming JPA 2 environment. Trying to instantiate JPA aware TraversableResolver
14:38:15.041 [main] DEBUG org.hibernate.validator.internal.engine.resolver.TraversableResolvers -- Instantiated JPA aware TraversableResolver of type org.hibernate.validator.internal.engine.resolver.JPATraversableResolver.
14:38:15.071 [main] DEBUG org.hibernate.validator.messageinterpolation.ResourceBundleMessageInterpolator -- Loaded expression factory via original TCCL
14:38:15.222 [main] DEBUG org.hibernate.validator.internal.engine.ValidatorFactoryConfigurationHelper -- HV000252: Using org.hibernate.validator.internal.engine.DefaultPropertyNodeNameProvider as property node name provider.
14:38:15.230 [main] DEBUG org.hibernate.validator.internal.engine.ValidatorFactoryConfigurationHelper -- HV000234: Using org.hibernate.validator.messageinterpolation.ResourceBundleMessageInterpolator as ValidatorFactory-scoped message interpolator.
14:38:15.231 [main] DEBUG org.hibernate.validator.internal.engine.ValidatorFactoryConfigurationHelper -- HV000234: Using org.hibernate.validator.internal.engine.resolver.JPATraversableResolver as ValidatorFactory-scoped traversable resolver.
14:38:15.234 [main] DEBUG org.hibernate.validator.internal.engine.ValidatorFactoryConfigurationHelper -- HV000234: Using org.hibernate.validator.internal.util.ExecutableParameterNameProvider as ValidatorFactory-scoped parameter name provider.
14:38:15.235 [main] DEBUG org.hibernate.validator.internal.engine.ValidatorFactoryConfigurationHelper -- HV000234: Using org.hibernate.validator.internal.engine.DefaultClockProvider as ValidatorFactory-scoped clock provider.
14:38:15.235 [main] DEBUG org.hibernate.validator.internal.engine.ValidatorFactoryConfigurationHelper -- HV000234: Using org.hibernate.validator.internal.engine.scripting.DefaultScriptEvaluatorFactory as ValidatorFactory-scoped script evaluator factory.
]]></system-out>
  </testcase>
</testsuite>